<?xml version="1.0" encoding="UTF-8"?>
<!-- Generated by org.testng.reporters.JUnitReportReporter -->
<testsuite hostname="user" failures="0" tests="1" name="parameterization.extent_report" time="51.108" errors="0" timestamp="2022-02-23T16:11:25 IST" skipped="0">
  <testcase classname="parameterization.extent_report" name="googleTitleValidation" time="51.108"/>
  <system-out/>
</testsuite> <!-- parameterization.extent_report -->
