<?xml version="1.0" encoding="UTF-8"?>
<!-- Generated by org.testng.reporters.JUnitReportReporter -->
<testsuite hostname="user" failures="0" tests="1" name="Package.Assi1_setup" time="64.652" errors="0" timestamp="2022-02-23T09:34:54 IST" skipped="0">
  <testcase classname="Package.Assi1_setup" name="setUp" time="64.652"/>
  <system-out/>
</testsuite> <!-- Package.Assi1_setup -->
