<?xml version="1.0" encoding="UTF-8"?>
<!-- Generated by org.testng.reporters.JUnitReportReporter -->
<testsuite hostname="user" failures="0" tests="3" name="parameterization.dataProvider" time="192.988" errors="0" timestamp="2022-02-23T16:29:11 IST" skipped="0">
  <testcase classname="parameterization.dataProvider" name="search" time="30.822"/>
  <system-out/>
  <testcase classname="parameterization.dataProvider" name="search" time="111.949"/>
  <system-out/>
  <testcase classname="parameterization.dataProvider" name="search" time="50.217"/>
  <system-out/>
</testsuite> <!-- parameterization.dataProvider -->
